<?xml version="1.0" encoding="UTF-8"?>
<!-- Generated by org.testng.reporters.JUnitReportReporter -->
<testsuite hostname="Aditya-Laptop" name="com.KeximBank.master.ExePom" tests="2" failures="0" timestamp="13 Feb 2018 08:06:02 GMT" time="57.852" errors="0">
  <testcase name="pomRole" time="28.050" classname="com.KeximBank.master.ExePom"/>
  <testcase name="pomEmp" time="29.802" classname="com.KeximBank.master.ExePom"/>
</testsuite> <!-- com.KeximBank.master.ExePom -->
